[2019-07-30T13:42:39.593Z] info Listening to requests on http://localhost:8000
[2019-07-30T13:44:05.185Z] info Listening to requests on http://localhost:8000
[2019-07-30T13:44:29.184Z] info Listening to requests on http://localhost:8000
[2019-07-30T13:44:42.959Z] info Listening to requests on http://localhost:8000
[2019-07-30T13:46:12.527Z] info a new article is added
[2019-07-30T13:46:47.818Z] info Listening to requests on http://localhost:8000
[2019-07-30T13:46:51.273Z] info success
[2019-07-30T13:47:04.389Z] info article deleted
[2019-07-30T13:47:14.778Z] info success
[2019-07-30T13:47:54.010Z] info Listening to requests on http://localhost:8000
[2019-07-31T09:04:14.818Z] info Listening to requests on http://localhost:8000
[2019-07-31T09:06:22.420Z] info Listening to requests on http://localhost:8000
[2019-07-31T09:07:30.017Z] info Listening to requests on http://localhost:8000
[2019-07-31T09:07:45.752Z] info Listening to requests on http://localhost:8000
[2019-07-31T09:13:07.882Z] info Listening to requests on http://localhost:8000
[2019-07-31T09:13:10.037Z] info "value" must be at least 600 pixels in width and 340 pixels in height
[2019-07-31T09:13:10.093Z] info "value" must be at least 600 pixels in width and 340 pixels in height
[2019-07-31T09:36:59.661Z] info Listening to requests on http://localhost:8000
[2019-07-31T09:38:30.698Z] info Listening to requests on http://localhost:8000
[2019-07-31T09:46:25.787Z] info "value" must be at least 600 pixels in width and 340 pixels in height
